<?xml version="1.0" encoding="UTF-8"?>
<!-- Generated by org.testng.reporters.JUnitXMLReporter -->
<testsuite hostname="LAPTOP-67M1RKGT" name="Default test" tests="3" failures="3" timestamp="4 Jun 2020 09:18:10 GMT" time="9.374" errors="0">
  <testcase name="loginPage" time="4.001" classname="demo.PracticeProject.OtherPractice">
    <failure type="org.openqa.selenium.SessionNotCreatedException" message="session not created: This version of ChromeDriver only supports Chrome version 80
Build info: version: &amp;apos;3.4.0&amp;apos;, revision: &amp;apos;unknown&amp;apos;, time: &amp;apos;unknown&amp;apos;
System info: host: &amp;apos;LAPTOP-67M1RKGT&amp;apos;, ip: &amp;apos;192.168.146.1&amp;apos;, os.name: &amp;apos;Windows 10&amp;apos;, os.arch: &amp;apos;amd64&amp;apos;, os.version: &amp;apos;10.0&amp;apos;, java.version: &amp;apos;1.8.0_151&amp;apos;
Driver info: driver.version: ChromeDriver
remote stacktrace: Backtrace:
	Ordinal0 [0x00B20AE3+1706723]
	Ordinal0 [0x00A868C1+1075393]
	Ordinal0 [0x009FDFA9+516009]
	Ordinal0 [0x00990554+66900]
	Ordinal0 [0x0098CCE2+52450]
	Ordinal0 [0x009ABFD7+180183]
	Ordinal0 [0x009ABDDD+179677]
	Ordinal0 [0x009A9D4B+171339]
	Ordinal0 [0x00991D4A+73034]
	Ordinal0 [0x00992DC0+77248]
	Ordinal0 [0x00992D59+77145]
	Ordinal0 [0x00A9BB37+1162039]
	GetHandleVerifier [0x00BBA7C6+508998]
	GetHandleVerifier [0x00BBA504+508292]
	GetHandleVerifier [0x00BCF617+594583]
	GetHandleVerifier [0x00BBB036+511158]
	Ordinal0 [0x00A93FFC+1130492]
	Ordinal0 [0x00A9D49B+1168539]
	Ordinal0 [0x00A9D603+1168899]
	Ordinal0 [0x00AB5B05+1268485]
	BaseThreadInitThunk [0x77A96359+25]
	RtlGetAppContainerNamedObjectPath [0x77BE7C24+228]
	RtlGetAppContainerNamedObjectPath [0x77BE7BF4+180]
">
      <![CDATA[org.openqa.selenium.SessionNotCreatedException: session not created: This version of ChromeDriver only supports Chrome version 80
Build info: version: '3.4.0', revision: 'unknown', time: 'unknown'
System info: host: 'LAPTOP-67M1RKGT', ip: '192.168.146.1', os.name: 'Windows 10', os.arch: 'amd64', os.version: '10.0', java.version: '1.8.0_151'
Driver info: driver.version: ChromeDriver
remote stacktrace: Backtrace:
	Ordinal0 [0x00B20AE3+1706723]
	Ordinal0 [0x00A868C1+1075393]
	Ordinal0 [0x009FDFA9+516009]
	Ordinal0 [0x00990554+66900]
	Ordinal0 [0x0098CCE2+52450]
	Ordinal0 [0x009ABFD7+180183]
	Ordinal0 [0x009ABDDD+179677]
	Ordinal0 [0x009A9D4B+171339]
	Ordinal0 [0x00991D4A+73034]
	Ordinal0 [0x00992DC0+77248]
	Ordinal0 [0x00992D59+77145]
	Ordinal0 [0x00A9BB37+1162039]
	GetHandleVerifier [0x00BBA7C6+508998]
	GetHandleVerifier [0x00BBA504+508292]
	GetHandleVerifier [0x00BCF617+594583]
	GetHandleVerifier [0x00BBB036+511158]
	Ordinal0 [0x00A93FFC+1130492]
	Ordinal0 [0x00A9D49B+1168539]
	Ordinal0 [0x00A9D603+1168899]
	Ordinal0 [0x00AB5B05+1268485]
	BaseThreadInitThunk [0x77A96359+25]
	RtlGetAppContainerNamedObjectPath [0x77BE7C24+228]
	RtlGetAppContainerNamedObjectPath [0x77BE7BF4+180]

	at sun.reflect.NativeConstructorAccessorImpl.newInstance0(Native Method)
	at sun.reflect.NativeConstructorAccessorImpl.newInstance(Unknown Source)
	at sun.reflect.DelegatingConstructorAccessorImpl.newInstance(Unknown Source)
	at java.lang.reflect.Constructor.newInstance(Unknown Source)
	at org.openqa.selenium.remote.W3CHandshakeResponse.lambda$new$0(W3CHandshakeResponse.java:57)
	at org.openqa.selenium.remote.W3CHandshakeResponse.lambda$getResponseFunction$2(W3CHandshakeResponse.java:104)
	at org.openqa.selenium.remote.ProtocolHandshake.lambda$createSession$22(ProtocolHandshake.java:365)
	at java.util.stream.ReferencePipeline$3$1.accept(Unknown Source)
	at java.util.Spliterators$ArraySpliterator.tryAdvance(Unknown Source)
	at java.util.stream.ReferencePipeline.forEachWithCancel(Unknown Source)
	at java.util.stream.AbstractPipeline.copyIntoWithCancel(Unknown Source)
	at java.util.stream.AbstractPipeline.copyInto(Unknown Source)
	at java.util.stream.AbstractPipeline.wrapAndCopyInto(Unknown Source)
	at java.util.stream.FindOps$FindOp.evaluateSequential(Unknown Source)
	at java.util.stream.AbstractPipeline.evaluate(Unknown Source)
	at java.util.stream.ReferencePipeline.findFirst(Unknown Source)
	at org.openqa.selenium.remote.ProtocolHandshake.createSession(ProtocolHandshake.java:368)
	at org.openqa.selenium.remote.ProtocolHandshake.createSession(ProtocolHandshake.java:159)
	at org.openqa.selenium.remote.HttpCommandExecutor.execute(HttpCommandExecutor.java:142)
	at org.openqa.selenium.remote.service.DriverCommandExecutor.execute(DriverCommandExecutor.java:82)
	at org.openqa.selenium.remote.RemoteWebDriver.execute(RemoteWebDriver.java:637)
	at org.openqa.selenium.remote.RemoteWebDriver.startSession(RemoteWebDriver.java:250)
	at org.openqa.selenium.remote.RemoteWebDriver.startSession(RemoteWebDriver.java:236)
	at org.openqa.selenium.remote.RemoteWebDriver.<init>(RemoteWebDriver.java:137)
	at org.openqa.selenium.chrome.ChromeDriver.<init>(ChromeDriver.java:184)
	at org.openqa.selenium.chrome.ChromeDriver.<init>(ChromeDriver.java:171)
	at org.openqa.selenium.chrome.ChromeDriver.<init>(ChromeDriver.java:124)
	at demo.PracticeProject.OtherPractice.loginPage(OtherPractice.java:35)
	at sun.reflect.NativeMethodAccessorImpl.invoke0(Native Method)
	at sun.reflect.NativeMethodAccessorImpl.invoke(Unknown Source)
	at sun.reflect.DelegatingMethodAccessorImpl.invoke(Unknown Source)
	at java.lang.reflect.Method.invoke(Unknown Source)
	at org.testng.internal.MethodInvocationHelper.invokeMethod(MethodInvocationHelper.java:80)
	at org.testng.internal.Invoker.invokeMethod(Invoker.java:714)
	at org.testng.internal.Invoker.invokeTestMethod(Invoker.java:901)
	at org.testng.internal.Invoker.invokeTestMethods(Invoker.java:1231)
	at org.testng.internal.TestMethodWorker.invokeTestMethods(TestMethodWorker.java:127)
	at org.testng.internal.TestMethodWorker.run(TestMethodWorker.java:111)
	at org.testng.TestRunner.privateRun(TestRunner.java:767)
	at org.testng.TestRunner.run(TestRunner.java:617)
	at org.testng.SuiteRunner.runTest(SuiteRunner.java:334)
	at org.testng.SuiteRunner.runSequentially(SuiteRunner.java:329)
	at org.testng.SuiteRunner.privateRun(SuiteRunner.java:291)
	at org.testng.SuiteRunner.run(SuiteRunner.java:240)
	at org.testng.SuiteRunnerWorker.runSuite(SuiteRunnerWorker.java:52)
	at org.testng.SuiteRunnerWorker.run(SuiteRunnerWorker.java:86)
	at org.testng.TestNG.runSuitesSequentially(TestNG.java:1198)
	at org.testng.TestNG.runSuitesLocally(TestNG.java:1123)
	at org.testng.TestNG.run(TestNG.java:1031)
	at org.testng.remote.AbstractRemoteTestNG.run(AbstractRemoteTestNG.java:115)
	at org.testng.remote.RemoteTestNG.initAndRun(RemoteTestNG.java:251)
	at org.testng.remote.RemoteTestNG.main(RemoteTestNG.java:77)
]]>
    </failure>
  </testcase> <!-- loginPage -->
  <testcase name="loginPage" time="1.994" classname="demo.PracticeProject.OtherPractice">
    <failure type="org.openqa.selenium.SessionNotCreatedException" message="session not created: This version of ChromeDriver only supports Chrome version 80
Build info: version: &amp;apos;3.4.0&amp;apos;, revision: &amp;apos;unknown&amp;apos;, time: &amp;apos;unknown&amp;apos;
System info: host: &amp;apos;LAPTOP-67M1RKGT&amp;apos;, ip: &amp;apos;192.168.146.1&amp;apos;, os.name: &amp;apos;Windows 10&amp;apos;, os.arch: &amp;apos;amd64&amp;apos;, os.version: &amp;apos;10.0&amp;apos;, java.version: &amp;apos;1.8.0_151&amp;apos;
Driver info: driver.version: ChromeDriver
remote stacktrace: Backtrace:
	Ordinal0 [0x00B20AE3+1706723]
	Ordinal0 [0x00A868C1+1075393]
	Ordinal0 [0x009FDFA9+516009]
	Ordinal0 [0x00990554+66900]
	Ordinal0 [0x0098CCE2+52450]
	Ordinal0 [0x009ABFD7+180183]
	Ordinal0 [0x009ABDDD+179677]
	Ordinal0 [0x009A9D4B+171339]
	Ordinal0 [0x00991D4A+73034]
	Ordinal0 [0x00992DC0+77248]
	Ordinal0 [0x00992D59+77145]
	Ordinal0 [0x00A9BB37+1162039]
	GetHandleVerifier [0x00BBA7C6+508998]
	GetHandleVerifier [0x00BBA504+508292]
	GetHandleVerifier [0x00BCF617+594583]
	GetHandleVerifier [0x00BBB036+511158]
	Ordinal0 [0x00A93FFC+1130492]
	Ordinal0 [0x00A9D49B+1168539]
	Ordinal0 [0x00A9D603+1168899]
	Ordinal0 [0x00AB5B05+1268485]
	BaseThreadInitThunk [0x77A96359+25]
	RtlGetAppContainerNamedObjectPath [0x77BE7C24+228]
	RtlGetAppContainerNamedObjectPath [0x77BE7BF4+180]
">
      <![CDATA[org.openqa.selenium.SessionNotCreatedException: session not created: This version of ChromeDriver only supports Chrome version 80
Build info: version: '3.4.0', revision: 'unknown', time: 'unknown'
System info: host: 'LAPTOP-67M1RKGT', ip: '192.168.146.1', os.name: 'Windows 10', os.arch: 'amd64', os.version: '10.0', java.version: '1.8.0_151'
Driver info: driver.version: ChromeDriver
remote stacktrace: Backtrace:
	Ordinal0 [0x00B20AE3+1706723]
	Ordinal0 [0x00A868C1+1075393]
	Ordinal0 [0x009FDFA9+516009]
	Ordinal0 [0x00990554+66900]
	Ordinal0 [0x0098CCE2+52450]
	Ordinal0 [0x009ABFD7+180183]
	Ordinal0 [0x009ABDDD+179677]
	Ordinal0 [0x009A9D4B+171339]
	Ordinal0 [0x00991D4A+73034]
	Ordinal0 [0x00992DC0+77248]
	Ordinal0 [0x00992D59+77145]
	Ordinal0 [0x00A9BB37+1162039]
	GetHandleVerifier [0x00BBA7C6+508998]
	GetHandleVerifier [0x00BBA504+508292]
	GetHandleVerifier [0x00BCF617+594583]
	GetHandleVerifier [0x00BBB036+511158]
	Ordinal0 [0x00A93FFC+1130492]
	Ordinal0 [0x00A9D49B+1168539]
	Ordinal0 [0x00A9D603+1168899]
	Ordinal0 [0x00AB5B05+1268485]
	BaseThreadInitThunk [0x77A96359+25]
	RtlGetAppContainerNamedObjectPath [0x77BE7C24+228]
	RtlGetAppContainerNamedObjectPath [0x77BE7BF4+180]

	at sun.reflect.NativeConstructorAccessorImpl.newInstance0(Native Method)
	at sun.reflect.NativeConstructorAccessorImpl.newInstance(Unknown Source)
	at sun.reflect.DelegatingConstructorAccessorImpl.newInstance(Unknown Source)
	at java.lang.reflect.Constructor.newInstance(Unknown Source)
	at org.openqa.selenium.remote.W3CHandshakeResponse.lambda$new$0(W3CHandshakeResponse.java:57)
	at org.openqa.selenium.remote.W3CHandshakeResponse.lambda$getResponseFunction$2(W3CHandshakeResponse.java:104)
	at org.openqa.selenium.remote.ProtocolHandshake.lambda$createSession$22(ProtocolHandshake.java:365)
	at java.util.stream.ReferencePipeline$3$1.accept(Unknown Source)
	at java.util.Spliterators$ArraySpliterator.tryAdvance(Unknown Source)
	at java.util.stream.ReferencePipeline.forEachWithCancel(Unknown Source)
	at java.util.stream.AbstractPipeline.copyIntoWithCancel(Unknown Source)
	at java.util.stream.AbstractPipeline.copyInto(Unknown Source)
	at java.util.stream.AbstractPipeline.wrapAndCopyInto(Unknown Source)
	at java.util.stream.FindOps$FindOp.evaluateSequential(Unknown Source)
	at java.util.stream.AbstractPipeline.evaluate(Unknown Source)
	at java.util.stream.ReferencePipeline.findFirst(Unknown Source)
	at org.openqa.selenium.remote.ProtocolHandshake.createSession(ProtocolHandshake.java:368)
	at org.openqa.selenium.remote.ProtocolHandshake.createSession(ProtocolHandshake.java:159)
	at org.openqa.selenium.remote.HttpCommandExecutor.execute(HttpCommandExecutor.java:142)
	at org.openqa.selenium.remote.service.DriverCommandExecutor.execute(DriverCommandExecutor.java:82)
	at org.openqa.selenium.remote.RemoteWebDriver.execute(RemoteWebDriver.java:637)
	at org.openqa.selenium.remote.RemoteWebDriver.startSession(RemoteWebDriver.java:250)
	at org.openqa.selenium.remote.RemoteWebDriver.startSession(RemoteWebDriver.java:236)
	at org.openqa.selenium.remote.RemoteWebDriver.<init>(RemoteWebDriver.java:137)
	at org.openqa.selenium.chrome.ChromeDriver.<init>(ChromeDriver.java:184)
	at org.openqa.selenium.chrome.ChromeDriver.<init>(ChromeDriver.java:171)
	at org.openqa.selenium.chrome.ChromeDriver.<init>(ChromeDriver.java:124)
	at demo.PracticeProject.OtherPractice.loginPage(OtherPractice.java:35)
	at sun.reflect.NativeMethodAccessorImpl.invoke0(Native Method)
	at sun.reflect.NativeMethodAccessorImpl.invoke(Unknown Source)
	at sun.reflect.DelegatingMethodAccessorImpl.invoke(Unknown Source)
	at java.lang.reflect.Method.invoke(Unknown Source)
	at org.testng.internal.MethodInvocationHelper.invokeMethod(MethodInvocationHelper.java:80)
	at org.testng.internal.Invoker.invokeMethod(Invoker.java:714)
	at org.testng.internal.Invoker.invokeTestMethod(Invoker.java:901)
	at org.testng.internal.Invoker.invokeTestMethods(Invoker.java:1231)
	at org.testng.internal.TestMethodWorker.invokeTestMethods(TestMethodWorker.java:127)
	at org.testng.internal.TestMethodWorker.run(TestMethodWorker.java:111)
	at org.testng.TestRunner.privateRun(TestRunner.java:767)
	at org.testng.TestRunner.run(TestRunner.java:617)
	at org.testng.SuiteRunner.runTest(SuiteRunner.java:334)
	at org.testng.SuiteRunner.runSequentially(SuiteRunner.java:329)
	at org.testng.SuiteRunner.privateRun(SuiteRunner.java:291)
	at org.testng.SuiteRunner.run(SuiteRunner.java:240)
	at org.testng.SuiteRunnerWorker.runSuite(SuiteRunnerWorker.java:52)
	at org.testng.SuiteRunnerWorker.run(SuiteRunnerWorker.java:86)
	at org.testng.TestNG.runSuitesSequentially(TestNG.java:1198)
	at org.testng.TestNG.runSuitesLocally(TestNG.java:1123)
	at org.testng.TestNG.run(TestNG.java:1031)
	at org.testng.remote.AbstractRemoteTestNG.run(AbstractRemoteTestNG.java:115)
	at org.testng.remote.RemoteTestNG.initAndRun(RemoteTestNG.java:251)
	at org.testng.remote.RemoteTestNG.main(RemoteTestNG.java:77)
]]>
    </failure>
  </testcase> <!-- loginPage -->
  <testcase name="loginPage" time="3.326" classname="demo.PracticeProject.OtherPractice">
    <failure type="org.openqa.selenium.SessionNotCreatedException" message="session not created: This version of ChromeDriver only supports Chrome version 80
Build info: version: &amp;apos;3.4.0&amp;apos;, revision: &amp;apos;unknown&amp;apos;, time: &amp;apos;unknown&amp;apos;
System info: host: &amp;apos;LAPTOP-67M1RKGT&amp;apos;, ip: &amp;apos;192.168.146.1&amp;apos;, os.name: &amp;apos;Windows 10&amp;apos;, os.arch: &amp;apos;amd64&amp;apos;, os.version: &amp;apos;10.0&amp;apos;, java.version: &amp;apos;1.8.0_151&amp;apos;
Driver info: driver.version: ChromeDriver
remote stacktrace: Backtrace:
	Ordinal0 [0x00B20AE3+1706723]
	Ordinal0 [0x00A868C1+1075393]
	Ordinal0 [0x009FDFA9+516009]
	Ordinal0 [0x00990554+66900]
	Ordinal0 [0x0098CCE2+52450]
	Ordinal0 [0x009ABFD7+180183]
	Ordinal0 [0x009ABDDD+179677]
	Ordinal0 [0x009A9D4B+171339]
	Ordinal0 [0x00991D4A+73034]
	Ordinal0 [0x00992DC0+77248]
	Ordinal0 [0x00992D59+77145]
	Ordinal0 [0x00A9BB37+1162039]
	GetHandleVerifier [0x00BBA7C6+508998]
	GetHandleVerifier [0x00BBA504+508292]
	GetHandleVerifier [0x00BCF617+594583]
	GetHandleVerifier [0x00BBB036+511158]
	Ordinal0 [0x00A93FFC+1130492]
	Ordinal0 [0x00A9D49B+1168539]
	Ordinal0 [0x00A9D603+1168899]
	Ordinal0 [0x00AB5B05+1268485]
	BaseThreadInitThunk [0x77A96359+25]
	RtlGetAppContainerNamedObjectPath [0x77BE7C24+228]
	RtlGetAppContainerNamedObjectPath [0x77BE7BF4+180]
">
      <![CDATA[org.openqa.selenium.SessionNotCreatedException: session not created: This version of ChromeDriver only supports Chrome version 80
Build info: version: '3.4.0', revision: 'unknown', time: 'unknown'
System info: host: 'LAPTOP-67M1RKGT', ip: '192.168.146.1', os.name: 'Windows 10', os.arch: 'amd64', os.version: '10.0', java.version: '1.8.0_151'
Driver info: driver.version: ChromeDriver
remote stacktrace: Backtrace:
	Ordinal0 [0x00B20AE3+1706723]
	Ordinal0 [0x00A868C1+1075393]
	Ordinal0 [0x009FDFA9+516009]
	Ordinal0 [0x00990554+66900]
	Ordinal0 [0x0098CCE2+52450]
	Ordinal0 [0x009ABFD7+180183]
	Ordinal0 [0x009ABDDD+179677]
	Ordinal0 [0x009A9D4B+171339]
	Ordinal0 [0x00991D4A+73034]
	Ordinal0 [0x00992DC0+77248]
	Ordinal0 [0x00992D59+77145]
	Ordinal0 [0x00A9BB37+1162039]
	GetHandleVerifier [0x00BBA7C6+508998]
	GetHandleVerifier [0x00BBA504+508292]
	GetHandleVerifier [0x00BCF617+594583]
	GetHandleVerifier [0x00BBB036+511158]
	Ordinal0 [0x00A93FFC+1130492]
	Ordinal0 [0x00A9D49B+1168539]
	Ordinal0 [0x00A9D603+1168899]
	Ordinal0 [0x00AB5B05+1268485]
	BaseThreadInitThunk [0x77A96359+25]
	RtlGetAppContainerNamedObjectPath [0x77BE7C24+228]
	RtlGetAppContainerNamedObjectPath [0x77BE7BF4+180]

	at sun.reflect.NativeConstructorAccessorImpl.newInstance0(Native Method)
	at sun.reflect.NativeConstructorAccessorImpl.newInstance(Unknown Source)
	at sun.reflect.DelegatingConstructorAccessorImpl.newInstance(Unknown Source)
	at java.lang.reflect.Constructor.newInstance(Unknown Source)
	at org.openqa.selenium.remote.W3CHandshakeResponse.lambda$new$0(W3CHandshakeResponse.java:57)
	at org.openqa.selenium.remote.W3CHandshakeResponse.lambda$getResponseFunction$2(W3CHandshakeResponse.java:104)
	at org.openqa.selenium.remote.ProtocolHandshake.lambda$createSession$22(ProtocolHandshake.java:365)
	at java.util.stream.ReferencePipeline$3$1.accept(Unknown Source)
	at java.util.Spliterators$ArraySpliterator.tryAdvance(Unknown Source)
	at java.util.stream.ReferencePipeline.forEachWithCancel(Unknown Source)
	at java.util.stream.AbstractPipeline.copyIntoWithCancel(Unknown Source)
	at java.util.stream.AbstractPipeline.copyInto(Unknown Source)
	at java.util.stream.AbstractPipeline.wrapAndCopyInto(Unknown Source)
	at java.util.stream.FindOps$FindOp.evaluateSequential(Unknown Source)
	at java.util.stream.AbstractPipeline.evaluate(Unknown Source)
	at java.util.stream.ReferencePipeline.findFirst(Unknown Source)
	at org.openqa.selenium.remote.ProtocolHandshake.createSession(ProtocolHandshake.java:368)
	at org.openqa.selenium.remote.ProtocolHandshake.createSession(ProtocolHandshake.java:159)
	at org.openqa.selenium.remote.HttpCommandExecutor.execute(HttpCommandExecutor.java:142)
	at org.openqa.selenium.remote.service.DriverCommandExecutor.execute(DriverCommandExecutor.java:82)
	at org.openqa.selenium.remote.RemoteWebDriver.execute(RemoteWebDriver.java:637)
	at org.openqa.selenium.remote.RemoteWebDriver.startSession(RemoteWebDriver.java:250)
	at org.openqa.selenium.remote.RemoteWebDriver.startSession(RemoteWebDriver.java:236)
	at org.openqa.selenium.remote.RemoteWebDriver.<init>(RemoteWebDriver.java:137)
	at org.openqa.selenium.chrome.ChromeDriver.<init>(ChromeDriver.java:184)
	at org.openqa.selenium.chrome.ChromeDriver.<init>(ChromeDriver.java:171)
	at org.openqa.selenium.chrome.ChromeDriver.<init>(ChromeDriver.java:124)
	at demo.PracticeProject.OtherPractice.loginPage(OtherPractice.java:35)
	at sun.reflect.NativeMethodAccessorImpl.invoke0(Native Method)
	at sun.reflect.NativeMethodAccessorImpl.invoke(Unknown Source)
	at sun.reflect.DelegatingMethodAccessorImpl.invoke(Unknown Source)
	at java.lang.reflect.Method.invoke(Unknown Source)
	at org.testng.internal.MethodInvocationHelper.invokeMethod(MethodInvocationHelper.java:80)
	at org.testng.internal.Invoker.invokeMethod(Invoker.java:714)
	at org.testng.internal.Invoker.invokeTestMethod(Invoker.java:901)
	at org.testng.internal.Invoker.invokeTestMethods(Invoker.java:1231)
	at org.testng.internal.TestMethodWorker.invokeTestMethods(TestMethodWorker.java:127)
	at org.testng.internal.TestMethodWorker.run(TestMethodWorker.java:111)
	at org.testng.TestRunner.privateRun(TestRunner.java:767)
	at org.testng.TestRunner.run(TestRunner.java:617)
	at org.testng.SuiteRunner.runTest(SuiteRunner.java:334)
	at org.testng.SuiteRunner.runSequentially(SuiteRunner.java:329)
	at org.testng.SuiteRunner.privateRun(SuiteRunner.java:291)
	at org.testng.SuiteRunner.run(SuiteRunner.java:240)
	at org.testng.SuiteRunnerWorker.runSuite(SuiteRunnerWorker.java:52)
	at org.testng.SuiteRunnerWorker.run(SuiteRunnerWorker.java:86)
	at org.testng.TestNG.runSuitesSequentially(TestNG.java:1198)
	at org.testng.TestNG.runSuitesLocally(TestNG.java:1123)
	at org.testng.TestNG.run(TestNG.java:1031)
	at org.testng.remote.AbstractRemoteTestNG.run(AbstractRemoteTestNG.java:115)
	at org.testng.remote.RemoteTestNG.initAndRun(RemoteTestNG.java:251)
	at org.testng.remote.RemoteTestNG.main(RemoteTestNG.java:77)
]]>
    </failure>
  </testcase> <!-- loginPage -->
</testsuite> <!-- Default test -->
