<?xml version="1.0" encoding="UTF-8"?>
<testng-results skipped="0" failed="3" total="3" passed="0">
  <reporter-output>
  </reporter-output>
  <suite name="Default suite" duration-ms="9374" started-at="2020-06-04T09:18:01Z" finished-at="2020-06-04T09:18:10Z">
    <groups>
    </groups>
    <test name="Default test" duration-ms="9374" started-at="2020-06-04T09:18:01Z" finished-at="2020-06-04T09:18:10Z">
      <class name="demo.PracticeProject.OtherPractice">
        <test-method status="FAIL" signature="loginPage(java.lang.String, java.lang.String, java.lang.Object)[pri:0, instance:demo.PracticeProject.OtherPractice@53b32d7]" name="loginPage" duration-ms="4001" started-at="2020-06-04T14:48:01Z" data-provider="logins" finished-at="2020-06-04T14:48:05Z">
          <params>
            <param index="0">
              <value>
                <![CDATA[bsreenivasu@gmail.com]]>
              </value>
            </param>
            <param index="1">
              <value>
                <![CDATA[sreedevi@153]]>
              </value>
            </param>
            <param index="2">
              <value>
                <![CDATA[nonRestrictedUser]]>
              </value>
            </param>
          </params>
          <exception class="org.openqa.selenium.SessionNotCreatedException">
            <message>
              <![CDATA[session not created: This version of ChromeDriver only supports Chrome version 80
Build info: version: '3.4.0', revision: 'unknown', time: 'unknown'
System info: host: 'LAPTOP-67M1RKGT', ip: '192.168.146.1', os.name: 'Windows 10', os.arch: 'amd64', os.version: '10.0', java.version: '1.8.0_151'
Driver info: driver.version: ChromeDriver
remote stacktrace: Backtrace:
	Ordinal0 [0x00B20AE3+1706723]
	Ordinal0 [0x00A868C1+1075393]
	Ordinal0 [0x009FDFA9+516009]
	Ordinal0 [0x00990554+66900]
	Ordinal0 [0x0098CCE2+52450]
	Ordinal0 [0x009ABFD7+180183]
	Ordinal0 [0x009ABDDD+179677]
	Ordinal0 [0x009A9D4B+171339]
	Ordinal0 [0x00991D4A+73034]
	Ordinal0 [0x00992DC0+77248]
	Ordinal0 [0x00992D59+77145]
	Ordinal0 [0x00A9BB37+1162039]
	GetHandleVerifier [0x00BBA7C6+508998]
	GetHandleVerifier [0x00BBA504+508292]
	GetHandleVerifier [0x00BCF617+594583]
	GetHandleVerifier [0x00BBB036+511158]
	Ordinal0 [0x00A93FFC+1130492]
	Ordinal0 [0x00A9D49B+1168539]
	Ordinal0 [0x00A9D603+1168899]
	Ordinal0 [0x00AB5B05+1268485]
	BaseThreadInitThunk [0x77A96359+25]
	RtlGetAppContainerNamedObjectPath [0x77BE7C24+228]
	RtlGetAppContainerNamedObjectPath [0x77BE7BF4+180]
]]>
            </message>
            <full-stacktrace>
              <![CDATA[org.openqa.selenium.SessionNotCreatedException: session not created: This version of ChromeDriver only supports Chrome version 80
Build info: version: '3.4.0', revision: 'unknown', time: 'unknown'
System info: host: 'LAPTOP-67M1RKGT', ip: '192.168.146.1', os.name: 'Windows 10', os.arch: 'amd64', os.version: '10.0', java.version: '1.8.0_151'
Driver info: driver.version: ChromeDriver
remote stacktrace: Backtrace:
	Ordinal0 [0x00B20AE3+1706723]
	Ordinal0 [0x00A868C1+1075393]
	Ordinal0 [0x009FDFA9+516009]
	Ordinal0 [0x00990554+66900]
	Ordinal0 [0x0098CCE2+52450]
	Ordinal0 [0x009ABFD7+180183]
	Ordinal0 [0x009ABDDD+179677]
	Ordinal0 [0x009A9D4B+171339]
	Ordinal0 [0x00991D4A+73034]
	Ordinal0 [0x00992DC0+77248]
	Ordinal0 [0x00992D59+77145]
	Ordinal0 [0x00A9BB37+1162039]
	GetHandleVerifier [0x00BBA7C6+508998]
	GetHandleVerifier [0x00BBA504+508292]
	GetHandleVerifier [0x00BCF617+594583]
	GetHandleVerifier [0x00BBB036+511158]
	Ordinal0 [0x00A93FFC+1130492]
	Ordinal0 [0x00A9D49B+1168539]
	Ordinal0 [0x00A9D603+1168899]
	Ordinal0 [0x00AB5B05+1268485]
	BaseThreadInitThunk [0x77A96359+25]
	RtlGetAppContainerNamedObjectPath [0x77BE7C24+228]
	RtlGetAppContainerNamedObjectPath [0x77BE7BF4+180]

	at sun.reflect.NativeConstructorAccessorImpl.newInstance0(Native Method)
	at sun.reflect.NativeConstructorAccessorImpl.newInstance(Unknown Source)
	at sun.reflect.DelegatingConstructorAccessorImpl.newInstance(Unknown Source)
	at java.lang.reflect.Constructor.newInstance(Unknown Source)
	at org.openqa.selenium.remote.W3CHandshakeResponse.lambda$new$0(W3CHandshakeResponse.java:57)
	at org.openqa.selenium.remote.W3CHandshakeResponse.lambda$getResponseFunction$2(W3CHandshakeResponse.java:104)
	at org.openqa.selenium.remote.ProtocolHandshake.lambda$createSession$22(ProtocolHandshake.java:365)
	at java.util.stream.ReferencePipeline$3$1.accept(Unknown Source)
	at java.util.Spliterators$ArraySpliterator.tryAdvance(Unknown Source)
	at java.util.stream.ReferencePipeline.forEachWithCancel(Unknown Source)
	at java.util.stream.AbstractPipeline.copyIntoWithCancel(Unknown Source)
	at java.util.stream.AbstractPipeline.copyInto(Unknown Source)
	at java.util.stream.AbstractPipeline.wrapAndCopyInto(Unknown Source)
	at java.util.stream.FindOps$FindOp.evaluateSequential(Unknown Source)
	at java.util.stream.AbstractPipeline.evaluate(Unknown Source)
	at java.util.stream.ReferencePipeline.findFirst(Unknown Source)
	at org.openqa.selenium.remote.ProtocolHandshake.createSession(ProtocolHandshake.java:368)
	at org.openqa.selenium.remote.ProtocolHandshake.createSession(ProtocolHandshake.java:159)
	at org.openqa.selenium.remote.HttpCommandExecutor.execute(HttpCommandExecutor.java:142)
	at org.openqa.selenium.remote.service.DriverCommandExecutor.execute(DriverCommandExecutor.java:82)
	at org.openqa.selenium.remote.RemoteWebDriver.execute(RemoteWebDriver.java:637)
	at org.openqa.selenium.remote.RemoteWebDriver.startSession(RemoteWebDriver.java:250)
	at org.openqa.selenium.remote.RemoteWebDriver.startSession(RemoteWebDriver.java:236)
	at org.openqa.selenium.remote.RemoteWebDriver.<init>(RemoteWebDriver.java:137)
	at org.openqa.selenium.chrome.ChromeDriver.<init>(ChromeDriver.java:184)
	at org.openqa.selenium.chrome.ChromeDriver.<init>(ChromeDriver.java:171)
	at org.openqa.selenium.chrome.ChromeDriver.<init>(ChromeDriver.java:124)
	at demo.PracticeProject.OtherPractice.loginPage(OtherPractice.java:35)
	at sun.reflect.NativeMethodAccessorImpl.invoke0(Native Method)
	at sun.reflect.NativeMethodAccessorImpl.invoke(Unknown Source)
	at sun.reflect.DelegatingMethodAccessorImpl.invoke(Unknown Source)
	at java.lang.reflect.Method.invoke(Unknown Source)
	at org.testng.internal.MethodInvocationHelper.invokeMethod(MethodInvocationHelper.java:80)
	at org.testng.internal.Invoker.invokeMethod(Invoker.java:714)
	at org.testng.internal.Invoker.invokeTestMethod(Invoker.java:901)
	at org.testng.internal.Invoker.invokeTestMethods(Invoker.java:1231)
	at org.testng.internal.TestMethodWorker.invokeTestMethods(TestMethodWorker.java:127)
	at org.testng.internal.TestMethodWorker.run(TestMethodWorker.java:111)
	at org.testng.TestRunner.privateRun(TestRunner.java:767)
	at org.testng.TestRunner.run(TestRunner.java:617)
	at org.testng.SuiteRunner.runTest(SuiteRunner.java:334)
	at org.testng.SuiteRunner.runSequentially(SuiteRunner.java:329)
	at org.testng.SuiteRunner.privateRun(SuiteRunner.java:291)
	at org.testng.SuiteRunner.run(SuiteRunner.java:240)
	at org.testng.SuiteRunnerWorker.runSuite(SuiteRunnerWorker.java:52)
	at org.testng.SuiteRunnerWorker.run(SuiteRunnerWorker.java:86)
	at org.testng.TestNG.runSuitesSequentially(TestNG.java:1198)
	at org.testng.TestNG.runSuitesLocally(TestNG.java:1123)
	at org.testng.TestNG.run(TestNG.java:1031)
	at org.testng.remote.AbstractRemoteTestNG.run(AbstractRemoteTestNG.java:115)
	at org.testng.remote.RemoteTestNG.initAndRun(RemoteTestNG.java:251)
	at org.testng.remote.RemoteTestNG.main(RemoteTestNG.java:77)
]]>
            </full-stacktrace>
          </exception> <!-- org.openqa.selenium.SessionNotCreatedException -->
          <reporter-output>
          </reporter-output>
        </test-method> <!-- loginPage -->
        <test-method status="FAIL" signature="loginPage(java.lang.String, java.lang.String, java.lang.Object)[pri:0, instance:demo.PracticeProject.OtherPractice@53b32d7]" name="loginPage" duration-ms="1994" started-at="2020-06-04T14:48:05Z" data-provider="logins" finished-at="2020-06-04T14:48:07Z">
          <params>
            <param index="0">
              <value>
                <![CDATA[suresh@yahoo.com]]>
              </value>
            </param>
            <param index="1">
              <value>
                <![CDATA[abcd123]]>
              </value>
            </param>
            <param index="2">
              <value>
                <![CDATA[RestrictedUser]]>
              </value>
            </param>
          </params>
          <exception class="org.openqa.selenium.SessionNotCreatedException">
            <message>
              <![CDATA[session not created: This version of ChromeDriver only supports Chrome version 80
Build info: version: '3.4.0', revision: 'unknown', time: 'unknown'
System info: host: 'LAPTOP-67M1RKGT', ip: '192.168.146.1', os.name: 'Windows 10', os.arch: 'amd64', os.version: '10.0', java.version: '1.8.0_151'
Driver info: driver.version: ChromeDriver
remote stacktrace: Backtrace:
	Ordinal0 [0x00B20AE3+1706723]
	Ordinal0 [0x00A868C1+1075393]
	Ordinal0 [0x009FDFA9+516009]
	Ordinal0 [0x00990554+66900]
	Ordinal0 [0x0098CCE2+52450]
	Ordinal0 [0x009ABFD7+180183]
	Ordinal0 [0x009ABDDD+179677]
	Ordinal0 [0x009A9D4B+171339]
	Ordinal0 [0x00991D4A+73034]
	Ordinal0 [0x00992DC0+77248]
	Ordinal0 [0x00992D59+77145]
	Ordinal0 [0x00A9BB37+1162039]
	GetHandleVerifier [0x00BBA7C6+508998]
	GetHandleVerifier [0x00BBA504+508292]
	GetHandleVerifier [0x00BCF617+594583]
	GetHandleVerifier [0x00BBB036+511158]
	Ordinal0 [0x00A93FFC+1130492]
	Ordinal0 [0x00A9D49B+1168539]
	Ordinal0 [0x00A9D603+1168899]
	Ordinal0 [0x00AB5B05+1268485]
	BaseThreadInitThunk [0x77A96359+25]
	RtlGetAppContainerNamedObjectPath [0x77BE7C24+228]
	RtlGetAppContainerNamedObjectPath [0x77BE7BF4+180]
]]>
            </message>
            <full-stacktrace>
              <![CDATA[org.openqa.selenium.SessionNotCreatedException: session not created: This version of ChromeDriver only supports Chrome version 80
Build info: version: '3.4.0', revision: 'unknown', time: 'unknown'
System info: host: 'LAPTOP-67M1RKGT', ip: '192.168.146.1', os.name: 'Windows 10', os.arch: 'amd64', os.version: '10.0', java.version: '1.8.0_151'
Driver info: driver.version: ChromeDriver
remote stacktrace: Backtrace:
	Ordinal0 [0x00B20AE3+1706723]
	Ordinal0 [0x00A868C1+1075393]
	Ordinal0 [0x009FDFA9+516009]
	Ordinal0 [0x00990554+66900]
	Ordinal0 [0x0098CCE2+52450]
	Ordinal0 [0x009ABFD7+180183]
	Ordinal0 [0x009ABDDD+179677]
	Ordinal0 [0x009A9D4B+171339]
	Ordinal0 [0x00991D4A+73034]
	Ordinal0 [0x00992DC0+77248]
	Ordinal0 [0x00992D59+77145]
	Ordinal0 [0x00A9BB37+1162039]
	GetHandleVerifier [0x00BBA7C6+508998]
	GetHandleVerifier [0x00BBA504+508292]
	GetHandleVerifier [0x00BCF617+594583]
	GetHandleVerifier [0x00BBB036+511158]
	Ordinal0 [0x00A93FFC+1130492]
	Ordinal0 [0x00A9D49B+1168539]
	Ordinal0 [0x00A9D603+1168899]
	Ordinal0 [0x00AB5B05+1268485]
	BaseThreadInitThunk [0x77A96359+25]
	RtlGetAppContainerNamedObjectPath [0x77BE7C24+228]
	RtlGetAppContainerNamedObjectPath [0x77BE7BF4+180]

	at sun.reflect.NativeConstructorAccessorImpl.newInstance0(Native Method)
	at sun.reflect.NativeConstructorAccessorImpl.newInstance(Unknown Source)
	at sun.reflect.DelegatingConstructorAccessorImpl.newInstance(Unknown Source)
	at java.lang.reflect.Constructor.newInstance(Unknown Source)
	at org.openqa.selenium.remote.W3CHandshakeResponse.lambda$new$0(W3CHandshakeResponse.java:57)
	at org.openqa.selenium.remote.W3CHandshakeResponse.lambda$getResponseFunction$2(W3CHandshakeResponse.java:104)
	at org.openqa.selenium.remote.ProtocolHandshake.lambda$createSession$22(ProtocolHandshake.java:365)
	at java.util.stream.ReferencePipeline$3$1.accept(Unknown Source)
	at java.util.Spliterators$ArraySpliterator.tryAdvance(Unknown Source)
	at java.util.stream.ReferencePipeline.forEachWithCancel(Unknown Source)
	at java.util.stream.AbstractPipeline.copyIntoWithCancel(Unknown Source)
	at java.util.stream.AbstractPipeline.copyInto(Unknown Source)
	at java.util.stream.AbstractPipeline.wrapAndCopyInto(Unknown Source)
	at java.util.stream.FindOps$FindOp.evaluateSequential(Unknown Source)
	at java.util.stream.AbstractPipeline.evaluate(Unknown Source)
	at java.util.stream.ReferencePipeline.findFirst(Unknown Source)
	at org.openqa.selenium.remote.ProtocolHandshake.createSession(ProtocolHandshake.java:368)
	at org.openqa.selenium.remote.ProtocolHandshake.createSession(ProtocolHandshake.java:159)
	at org.openqa.selenium.remote.HttpCommandExecutor.execute(HttpCommandExecutor.java:142)
	at org.openqa.selenium.remote.service.DriverCommandExecutor.execute(DriverCommandExecutor.java:82)
	at org.openqa.selenium.remote.RemoteWebDriver.execute(RemoteWebDriver.java:637)
	at org.openqa.selenium.remote.RemoteWebDriver.startSession(RemoteWebDriver.java:250)
	at org.openqa.selenium.remote.RemoteWebDriver.startSession(RemoteWebDriver.java:236)
	at org.openqa.selenium.remote.RemoteWebDriver.<init>(RemoteWebDriver.java:137)
	at org.openqa.selenium.chrome.ChromeDriver.<init>(ChromeDriver.java:184)
	at org.openqa.selenium.chrome.ChromeDriver.<init>(ChromeDriver.java:171)
	at org.openqa.selenium.chrome.ChromeDriver.<init>(ChromeDriver.java:124)
	at demo.PracticeProject.OtherPractice.loginPage(OtherPractice.java:35)
	at sun.reflect.NativeMethodAccessorImpl.invoke0(Native Method)
	at sun.reflect.NativeMethodAccessorImpl.invoke(Unknown Source)
	at sun.reflect.DelegatingMethodAccessorImpl.invoke(Unknown Source)
	at java.lang.reflect.Method.invoke(Unknown Source)
	at org.testng.internal.MethodInvocationHelper.invokeMethod(MethodInvocationHelper.java:80)
	at org.testng.internal.Invoker.invokeMethod(Invoker.java:714)
	at org.testng.internal.Invoker.invokeTestMethod(Invoker.java:901)
	at org.testng.internal.Invoker.invokeTestMethods(Invoker.java:1231)
	at org.testng.internal.TestMethodWorker.invokeTestMethods(TestMethodWorker.java:127)
	at org.testng.internal.TestMethodWorker.run(TestMethodWorker.java:111)
	at org.testng.TestRunner.privateRun(TestRunner.java:767)
	at org.testng.TestRunner.run(TestRunner.java:617)
	at org.testng.SuiteRunner.runTest(SuiteRunner.java:334)
	at org.testng.SuiteRunner.runSequentially(SuiteRunner.java:329)
	at org.testng.SuiteRunner.privateRun(SuiteRunner.java:291)
	at org.testng.SuiteRunner.run(SuiteRunner.java:240)
	at org.testng.SuiteRunnerWorker.runSuite(SuiteRunnerWorker.java:52)
	at org.testng.SuiteRunnerWorker.run(SuiteRunnerWorker.java:86)
	at org.testng.TestNG.runSuitesSequentially(TestNG.java:1198)
	at org.testng.TestNG.runSuitesLocally(TestNG.java:1123)
	at org.testng.TestNG.run(TestNG.java:1031)
	at org.testng.remote.AbstractRemoteTestNG.run(AbstractRemoteTestNG.java:115)
	at org.testng.remote.RemoteTestNG.initAndRun(RemoteTestNG.java:251)
	at org.testng.remote.RemoteTestNG.main(RemoteTestNG.java:77)
]]>
            </full-stacktrace>
          </exception> <!-- org.openqa.selenium.SessionNotCreatedException -->
          <reporter-output>
          </reporter-output>
        </test-method> <!-- loginPage -->
        <test-method status="FAIL" signature="loginPage(java.lang.String, java.lang.String, java.lang.Object)[pri:0, instance:demo.PracticeProject.OtherPractice@53b32d7]" name="loginPage" duration-ms="3326" started-at="2020-06-04T14:48:07Z" data-provider="logins" finished-at="2020-06-04T14:48:10Z">
          <params>
            <param index="0">
              <value>
                <![CDATA[sreedevi@gmail.com]]>
              </value>
            </param>
            <param index="1">
              <value>
                <![CDATA[xya]]>
              </value>
            </param>
            <param index="2">
              <value>
                <![CDATA[RestrictedUser]]>
              </value>
            </param>
          </params>
          <exception class="org.openqa.selenium.SessionNotCreatedException">
            <message>
              <![CDATA[session not created: This version of ChromeDriver only supports Chrome version 80
Build info: version: '3.4.0', revision: 'unknown', time: 'unknown'
System info: host: 'LAPTOP-67M1RKGT', ip: '192.168.146.1', os.name: 'Windows 10', os.arch: 'amd64', os.version: '10.0', java.version: '1.8.0_151'
Driver info: driver.version: ChromeDriver
remote stacktrace: Backtrace:
	Ordinal0 [0x00B20AE3+1706723]
	Ordinal0 [0x00A868C1+1075393]
	Ordinal0 [0x009FDFA9+516009]
	Ordinal0 [0x00990554+66900]
	Ordinal0 [0x0098CCE2+52450]
	Ordinal0 [0x009ABFD7+180183]
	Ordinal0 [0x009ABDDD+179677]
	Ordinal0 [0x009A9D4B+171339]
	Ordinal0 [0x00991D4A+73034]
	Ordinal0 [0x00992DC0+77248]
	Ordinal0 [0x00992D59+77145]
	Ordinal0 [0x00A9BB37+1162039]
	GetHandleVerifier [0x00BBA7C6+508998]
	GetHandleVerifier [0x00BBA504+508292]
	GetHandleVerifier [0x00BCF617+594583]
	GetHandleVerifier [0x00BBB036+511158]
	Ordinal0 [0x00A93FFC+1130492]
	Ordinal0 [0x00A9D49B+1168539]
	Ordinal0 [0x00A9D603+1168899]
	Ordinal0 [0x00AB5B05+1268485]
	BaseThreadInitThunk [0x77A96359+25]
	RtlGetAppContainerNamedObjectPath [0x77BE7C24+228]
	RtlGetAppContainerNamedObjectPath [0x77BE7BF4+180]
]]>
            </message>
            <full-stacktrace>
              <![CDATA[org.openqa.selenium.SessionNotCreatedException: session not created: This version of ChromeDriver only supports Chrome version 80
Build info: version: '3.4.0', revision: 'unknown', time: 'unknown'
System info: host: 'LAPTOP-67M1RKGT', ip: '192.168.146.1', os.name: 'Windows 10', os.arch: 'amd64', os.version: '10.0', java.version: '1.8.0_151'
Driver info: driver.version: ChromeDriver
remote stacktrace: Backtrace:
	Ordinal0 [0x00B20AE3+1706723]
	Ordinal0 [0x00A868C1+1075393]
	Ordinal0 [0x009FDFA9+516009]
	Ordinal0 [0x00990554+66900]
	Ordinal0 [0x0098CCE2+52450]
	Ordinal0 [0x009ABFD7+180183]
	Ordinal0 [0x009ABDDD+179677]
	Ordinal0 [0x009A9D4B+171339]
	Ordinal0 [0x00991D4A+73034]
	Ordinal0 [0x00992DC0+77248]
	Ordinal0 [0x00992D59+77145]
	Ordinal0 [0x00A9BB37+1162039]
	GetHandleVerifier [0x00BBA7C6+508998]
	GetHandleVerifier [0x00BBA504+508292]
	GetHandleVerifier [0x00BCF617+594583]
	GetHandleVerifier [0x00BBB036+511158]
	Ordinal0 [0x00A93FFC+1130492]
	Ordinal0 [0x00A9D49B+1168539]
	Ordinal0 [0x00A9D603+1168899]
	Ordinal0 [0x00AB5B05+1268485]
	BaseThreadInitThunk [0x77A96359+25]
	RtlGetAppContainerNamedObjectPath [0x77BE7C24+228]
	RtlGetAppContainerNamedObjectPath [0x77BE7BF4+180]

	at sun.reflect.NativeConstructorAccessorImpl.newInstance0(Native Method)
	at sun.reflect.NativeConstructorAccessorImpl.newInstance(Unknown Source)
	at sun.reflect.DelegatingConstructorAccessorImpl.newInstance(Unknown Source)
	at java.lang.reflect.Constructor.newInstance(Unknown Source)
	at org.openqa.selenium.remote.W3CHandshakeResponse.lambda$new$0(W3CHandshakeResponse.java:57)
	at org.openqa.selenium.remote.W3CHandshakeResponse.lambda$getResponseFunction$2(W3CHandshakeResponse.java:104)
	at org.openqa.selenium.remote.ProtocolHandshake.lambda$createSession$22(ProtocolHandshake.java:365)
	at java.util.stream.ReferencePipeline$3$1.accept(Unknown Source)
	at java.util.Spliterators$ArraySpliterator.tryAdvance(Unknown Source)
	at java.util.stream.ReferencePipeline.forEachWithCancel(Unknown Source)
	at java.util.stream.AbstractPipeline.copyIntoWithCancel(Unknown Source)
	at java.util.stream.AbstractPipeline.copyInto(Unknown Source)
	at java.util.stream.AbstractPipeline.wrapAndCopyInto(Unknown Source)
	at java.util.stream.FindOps$FindOp.evaluateSequential(Unknown Source)
	at java.util.stream.AbstractPipeline.evaluate(Unknown Source)
	at java.util.stream.ReferencePipeline.findFirst(Unknown Source)
	at org.openqa.selenium.remote.ProtocolHandshake.createSession(ProtocolHandshake.java:368)
	at org.openqa.selenium.remote.ProtocolHandshake.createSession(ProtocolHandshake.java:159)
	at org.openqa.selenium.remote.HttpCommandExecutor.execute(HttpCommandExecutor.java:142)
	at org.openqa.selenium.remote.service.DriverCommandExecutor.execute(DriverCommandExecutor.java:82)
	at org.openqa.selenium.remote.RemoteWebDriver.execute(RemoteWebDriver.java:637)
	at org.openqa.selenium.remote.RemoteWebDriver.startSession(RemoteWebDriver.java:250)
	at org.openqa.selenium.remote.RemoteWebDriver.startSession(RemoteWebDriver.java:236)
	at org.openqa.selenium.remote.RemoteWebDriver.<init>(RemoteWebDriver.java:137)
	at org.openqa.selenium.chrome.ChromeDriver.<init>(ChromeDriver.java:184)
	at org.openqa.selenium.chrome.ChromeDriver.<init>(ChromeDriver.java:171)
	at org.openqa.selenium.chrome.ChromeDriver.<init>(ChromeDriver.java:124)
	at demo.PracticeProject.OtherPractice.loginPage(OtherPractice.java:35)
	at sun.reflect.NativeMethodAccessorImpl.invoke0(Native Method)
	at sun.reflect.NativeMethodAccessorImpl.invoke(Unknown Source)
	at sun.reflect.DelegatingMethodAccessorImpl.invoke(Unknown Source)
	at java.lang.reflect.Method.invoke(Unknown Source)
	at org.testng.internal.MethodInvocationHelper.invokeMethod(MethodInvocationHelper.java:80)
	at org.testng.internal.Invoker.invokeMethod(Invoker.java:714)
	at org.testng.internal.Invoker.invokeTestMethod(Invoker.java:901)
	at org.testng.internal.Invoker.invokeTestMethods(Invoker.java:1231)
	at org.testng.internal.TestMethodWorker.invokeTestMethods(TestMethodWorker.java:127)
	at org.testng.internal.TestMethodWorker.run(TestMethodWorker.java:111)
	at org.testng.TestRunner.privateRun(TestRunner.java:767)
	at org.testng.TestRunner.run(TestRunner.java:617)
	at org.testng.SuiteRunner.runTest(SuiteRunner.java:334)
	at org.testng.SuiteRunner.runSequentially(SuiteRunner.java:329)
	at org.testng.SuiteRunner.privateRun(SuiteRunner.java:291)
	at org.testng.SuiteRunner.run(SuiteRunner.java:240)
	at org.testng.SuiteRunnerWorker.runSuite(SuiteRunnerWorker.java:52)
	at org.testng.SuiteRunnerWorker.run(SuiteRunnerWorker.java:86)
	at org.testng.TestNG.runSuitesSequentially(TestNG.java:1198)
	at org.testng.TestNG.runSuitesLocally(TestNG.java:1123)
	at org.testng.TestNG.run(TestNG.java:1031)
	at org.testng.remote.AbstractRemoteTestNG.run(AbstractRemoteTestNG.java:115)
	at org.testng.remote.RemoteTestNG.initAndRun(RemoteTestNG.java:251)
	at org.testng.remote.RemoteTestNG.main(RemoteTestNG.java:77)
]]>
            </full-stacktrace>
          </exception> <!-- org.openqa.selenium.SessionNotCreatedException -->
          <reporter-output>
          </reporter-output>
        </test-method> <!-- loginPage -->
      </class> <!-- demo.PracticeProject.OtherPractice -->
    </test> <!-- Default test -->
  </suite> <!-- Default suite -->
</testng-results>
