<?xml version="1.0" encoding="UTF-8"?>
<!-- Generated by org.testng.reporters.JUnitReportReporter -->
<testsuite hostname="LAPTOP-67M1RKGT" name="demo.PracticeProject.MouseHover" tests="1" failures="1" timestamp="28 Jun 2020 02:27:17 GMT" time="5.321" errors="0">
  <testcase name="ExecuteAutomation" time="5.321" classname="demo.PracticeProject.MouseHover">
    <failure type="org.openqa.selenium.SessionNotCreatedException" message="session not created: This version of ChromeDriver only supports Chrome version 80
Build info: version: &#039;3.4.0&#039;, revision: &#039;unknown&#039;, time: &#039;unknown&#039;
System info: host: &#039;LAPTOP-67M1RKGT&#039;, ip: &#039;192.168.146.1&#039;, os.name: &#039;Windows 10&#039;, os.arch: &#039;amd64&#039;, os.version: &#039;10.0&#039;, java.version: &#039;1.8.0_151&#039;
Driver info: driver.version: ChromeDriver
remote stacktrace: Backtrace:
	Ordinal0 [0x00730AE3+1706723]
	Ordinal0 [0x006968C1+1075393]
	Ordinal0 [0x0060DFA9+516009]
	Ordinal0 [0x005A0554+66900]
	Ordinal0 [0x0059CCE2+52450]
	Ordinal0 [0x005BBFD7+180183]
	Ordinal0 [0x005BBDDD+179677]
	Ordinal0 [0x005B9D4B+171339]
	Ordinal0 [0x005A1D4A+73034]
	Ordinal0 [0x005A2DC0+77248]
	Ordinal0 [0x005A2D59+77145]
	Ordinal0 [0x006ABB37+1162039]
	GetHandleVerifier [0x007CA7C6+508998]
	GetHandleVerifier [0x007CA504+508292]
	GetHandleVerifier [0x007DF617+594583]
	GetHandleVerifier [0x007CB036+511158]
	Ordinal0 [0x006A3FFC+1130492]
	Ordinal0 [0x006AD49B+1168539]
	Ordinal0 [0x006AD603+1168899]
	Ordinal0 [0x006C5B05+1268485]
	BaseThreadInitThunk [0x750F6359+25]
	RtlGetAppContainerNamedObjectPath [0x77017C24+228]
	RtlGetAppContainerNamedObjectPath [0x77017BF4+180]
">
      <![CDATA[org.openqa.selenium.SessionNotCreatedException: session not created: This version of ChromeDriver only supports Chrome version 80
Build info: version: '3.4.0', revision: 'unknown', time: 'unknown'
System info: host: 'LAPTOP-67M1RKGT', ip: '192.168.146.1', os.name: 'Windows 10', os.arch: 'amd64', os.version: '10.0', java.version: '1.8.0_151'
Driver info: driver.version: ChromeDriver
remote stacktrace: Backtrace:
	Ordinal0 [0x00730AE3+1706723]
	Ordinal0 [0x006968C1+1075393]
	Ordinal0 [0x0060DFA9+516009]
	Ordinal0 [0x005A0554+66900]
	Ordinal0 [0x0059CCE2+52450]
	Ordinal0 [0x005BBFD7+180183]
	Ordinal0 [0x005BBDDD+179677]
	Ordinal0 [0x005B9D4B+171339]
	Ordinal0 [0x005A1D4A+73034]
	Ordinal0 [0x005A2DC0+77248]
	Ordinal0 [0x005A2D59+77145]
	Ordinal0 [0x006ABB37+1162039]
	GetHandleVerifier [0x007CA7C6+508998]
	GetHandleVerifier [0x007CA504+508292]
	GetHandleVerifier [0x007DF617+594583]
	GetHandleVerifier [0x007CB036+511158]
	Ordinal0 [0x006A3FFC+1130492]
	Ordinal0 [0x006AD49B+1168539]
	Ordinal0 [0x006AD603+1168899]
	Ordinal0 [0x006C5B05+1268485]
	BaseThreadInitThunk [0x750F6359+25]
	RtlGetAppContainerNamedObjectPath [0x77017C24+228]
	RtlGetAppContainerNamedObjectPath [0x77017BF4+180]

	at sun.reflect.NativeConstructorAccessorImpl.newInstance0(Native Method)
	at sun.reflect.NativeConstructorAccessorImpl.newInstance(Unknown Source)
	at sun.reflect.DelegatingConstructorAccessorImpl.newInstance(Unknown Source)
	at java.lang.reflect.Constructor.newInstance(Unknown Source)
	at org.openqa.selenium.remote.W3CHandshakeResponse.lambda$new$0(W3CHandshakeResponse.java:57)
	at org.openqa.selenium.remote.W3CHandshakeResponse.lambda$getResponseFunction$2(W3CHandshakeResponse.java:104)
	at org.openqa.selenium.remote.ProtocolHandshake.lambda$createSession$22(ProtocolHandshake.java:365)
	at java.util.stream.ReferencePipeline$3$1.accept(Unknown Source)
	at java.util.Spliterators$ArraySpliterator.tryAdvance(Unknown Source)
	at java.util.stream.ReferencePipeline.forEachWithCancel(Unknown Source)
	at java.util.stream.AbstractPipeline.copyIntoWithCancel(Unknown Source)
	at java.util.stream.AbstractPipeline.copyInto(Unknown Source)
	at java.util.stream.AbstractPipeline.wrapAndCopyInto(Unknown Source)
	at java.util.stream.FindOps$FindOp.evaluateSequential(Unknown Source)
	at java.util.stream.AbstractPipeline.evaluate(Unknown Source)
	at java.util.stream.ReferencePipeline.findFirst(Unknown Source)
	at org.openqa.selenium.remote.ProtocolHandshake.createSession(ProtocolHandshake.java:368)
	at org.openqa.selenium.remote.ProtocolHandshake.createSession(ProtocolHandshake.java:159)
	at org.openqa.selenium.remote.HttpCommandExecutor.execute(HttpCommandExecutor.java:142)
	at org.openqa.selenium.remote.service.DriverCommandExecutor.execute(DriverCommandExecutor.java:82)
	at org.openqa.selenium.remote.RemoteWebDriver.execute(RemoteWebDriver.java:637)
	at org.openqa.selenium.remote.RemoteWebDriver.startSession(RemoteWebDriver.java:250)
	at org.openqa.selenium.remote.RemoteWebDriver.startSession(RemoteWebDriver.java:236)
	at org.openqa.selenium.remote.RemoteWebDriver.<init>(RemoteWebDriver.java:137)
	at org.openqa.selenium.chrome.ChromeDriver.<init>(ChromeDriver.java:184)
	at org.openqa.selenium.chrome.ChromeDriver.<init>(ChromeDriver.java:171)
	at org.openqa.selenium.chrome.ChromeDriver.<init>(ChromeDriver.java:124)
	at demo.PracticeProject.MouseHover.ExecuteAutomation(MouseHover.java:40)
	at sun.reflect.NativeMethodAccessorImpl.invoke0(Native Method)
	at sun.reflect.NativeMethodAccessorImpl.invoke(Unknown Source)
	at sun.reflect.DelegatingMethodAccessorImpl.invoke(Unknown Source)
	at java.lang.reflect.Method.invoke(Unknown Source)
	at org.testng.internal.MethodInvocationHelper.invokeMethod(MethodInvocationHelper.java:80)
	at org.testng.internal.Invoker.invokeMethod(Invoker.java:714)
	at org.testng.internal.Invoker.invokeTestMethod(Invoker.java:901)
	at org.testng.internal.Invoker.invokeTestMethods(Invoker.java:1231)
	at org.testng.internal.TestMethodWorker.invokeTestMethods(TestMethodWorker.java:127)
	at org.testng.internal.TestMethodWorker.run(TestMethodWorker.java:111)
	at org.testng.TestRunner.privateRun(TestRunner.java:767)
	at org.testng.TestRunner.run(TestRunner.java:617)
	at org.testng.SuiteRunner.runTest(SuiteRunner.java:334)
	at org.testng.SuiteRunner.runSequentially(SuiteRunner.java:329)
	at org.testng.SuiteRunner.privateRun(SuiteRunner.java:291)
	at org.testng.SuiteRunner.run(SuiteRunner.java:240)
	at org.testng.SuiteRunnerWorker.runSuite(SuiteRunnerWorker.java:52)
	at org.testng.SuiteRunnerWorker.run(SuiteRunnerWorker.java:86)
	at org.testng.TestNG.runSuitesSequentially(TestNG.java:1198)
	at org.testng.TestNG.runSuitesLocally(TestNG.java:1123)
	at org.testng.TestNG.run(TestNG.java:1031)
	at org.testng.remote.AbstractRemoteTestNG.run(AbstractRemoteTestNG.java:115)
	at org.testng.remote.RemoteTestNG.initAndRun(RemoteTestNG.java:251)
	at org.testng.remote.RemoteTestNG.main(RemoteTestNG.java:77)
]]>
    </failure>
  </testcase> <!-- ExecuteAutomation -->
</testsuite> <!-- demo.PracticeProject.MouseHover -->
